<?xml version="1.0" encoding="UTF-8"?>
<testsuite xmlns:xsi="http://www.w3.org/2001/XMLSchema-instance" xsi:noNamespaceSchemaLocation="https://maven.apache.org/surefire/maven-surefire-plugin/xsd/surefire-test-report-3.0.xsd" version="3.0" name="com.firstproject.FirstProject.FirstProjectApplicationTests" time="10.979" tests="1" errors="0" skipped="0" failures="0">
  <properties>
[...]
</properties>
  <testcase name="contextLoads" classname="com.firstproject.FirstProject.FirstProjectApplicationTests" time="0.478">
    <system-out><![CDATA[22:45:34.791 [main] INFO org.springframework.test.context.support.AnnotationConfigContextLoaderUtils -- Could not detect default configuration classes for test class [com.firstproject.FirstProject.FirstProjectApplicationTests]: FirstProjectApplicationTests does not declare any static, non-private, non-final, nested classes annotated with @Configuration.
22:45:34.901 [main] INFO org.springframework.boot.test.context.SpringBootTestContextBootstrapper -- Found @SpringBootConfiguration com.firstproject.FirstProject.FirstProjectApplication for test class com.firstproject.FirstProject.FirstProjectApplicationTests

  .   ____          _            __ _ _
 /\\ / ___'_ __ _ _(_)_ __  __ _ \ \ \ \
( ( )\___ | '_ | '_| | '_ \/ _` | \ \ \ \
 \\/  ___)| |_)| | | | | || (_| |  ) ) ) )
  '  |____| .__|_| |_|_| |_\__, | / / / /
 =========|_|==============|___/=/_/_/_/
 :: Spring Boot ::                (v3.2.2)

2024-02-25T22:45:35.286+03:00  INFO 13464 --- [           main] c.f.F.FirstProjectApplicationTests       : Starting FirstProjectApplicationTests using Java 21.0.2 with PID 13464 (started by Umut in C:\Users\Umut\Desktop\backend_firstproject)
2024-02-25T22:45:35.287+03:00  INFO 13464 --- [           main] c.f.F.FirstProjectApplicationTests       : No active profile set, falling back to 1 default profile: "default"
2024-02-25T22:45:36.043+03:00  INFO 13464 --- [           main] .s.d.r.c.RepositoryConfigurationDelegate : Bootstrapping Spring Data JPA repositories in DEFAULT mode.
2024-02-25T22:45:36.098+03:00  INFO 13464 --- [           main] .s.d.r.c.RepositoryConfigurationDelegate : Finished Spring Data repository scanning in 49 ms. Found 5 JPA repository interfaces.
2024-02-25T22:45:36.527+03:00  INFO 13464 --- [           main] com.zaxxer.hikari.HikariDataSource       : HikariPool-1 - Starting...
2024-02-25T22:45:38.050+03:00  INFO 13464 --- [           main] com.zaxxer.hikari.pool.HikariPool        : HikariPool-1 - Added connection org.postgresql.jdbc.PgConnection@5bfc79cb
2024-02-25T22:45:38.051+03:00  INFO 13464 --- [           main] com.zaxxer.hikari.HikariDataSource       : HikariPool-1 - Start completed.
2024-02-25T22:45:38.507+03:00  INFO 13464 --- [           main] liquibase.database                       : Set default schema name to public
2024-02-25T22:45:39.275+03:00  INFO 13464 --- [           main] liquibase.changelog                      : Reading from public.databasechangelog
Database is up to date, no changesets to execute
2024-02-25T22:45:40.088+03:00  INFO 13464 --- [           main] liquibase.changelog                      : Reading from public.databasechangelog
2024-02-25T22:45:40.164+03:00  INFO 13464 --- [           main] liquibase.util                           : UPDATE SUMMARY
2024-02-25T22:45:40.164+03:00  INFO 13464 --- [           main] liquibase.util                           : Run:                          0
2024-02-25T22:45:40.164+03:00  INFO 13464 --- [           main] liquibase.util                           : Previously run:               8
2024-02-25T22:45:40.164+03:00  INFO 13464 --- [           main] liquibase.util                           : Filtered out:                 0
2024-02-25T22:45:40.164+03:00  INFO 13464 --- [           main] liquibase.util                           : -------------------------------
2024-02-25T22:45:40.164+03:00  INFO 13464 --- [           main] liquibase.util                           : Total change sets:            8
2024-02-25T22:45:40.164+03:00  INFO 13464 --- [           main] liquibase.util                           : Update summary generated
2024-02-25T22:45:40.530+03:00  INFO 13464 --- [           main] liquibase.lockservice                    : Successfully released change log lock
2024-02-25T22:45:40.600+03:00  INFO 13464 --- [           main] liquibase.command                        : Command execution complete
2024-02-25T22:45:40.787+03:00  INFO 13464 --- [           main] o.hibernate.jpa.internal.util.LogHelper  : HHH000204: Processing PersistenceUnitInfo [name: default]
2024-02-25T22:45:40.856+03:00  INFO 13464 --- [           main] org.hibernate.Version                    : HHH000412: Hibernate ORM core version 6.4.1.Final
2024-02-25T22:45:40.895+03:00  INFO 13464 --- [           main] o.h.c.internal.RegionFactoryInitiator    : HHH000026: Second-level cache disabled
2024-02-25T22:45:41.173+03:00  INFO 13464 --- [           main] o.s.o.j.p.SpringPersistenceUnitInfo      : No LoadTimeWeaver setup: ignoring JPA class transformer
2024-02-25T22:45:41.282+03:00  WARN 13464 --- [           main] org.hibernate.orm.deprecation            : HHH90000025: PostgreSQLDialect does not need to be specified explicitly using 'hibernate.dialect' (remove the property setting and it will be selected by default)
2024-02-25T22:45:42.285+03:00  INFO 13464 --- [           main] o.h.e.t.j.p.i.JtaPlatformInitiator       : HHH000489: No JTA platform available (set 'hibernate.transaction.jta.platform' to enable JTA platform integration)
2024-02-25T22:45:43.758+03:00  INFO 13464 --- [           main] j.LocalContainerEntityManagerFactoryBean : Initialized JPA EntityManagerFactory for persistence unit 'default'
2024-02-25T22:45:44.294+03:00  WARN 13464 --- [           main] JpaBaseConfiguration$JpaWebConfiguration : spring.jpa.open-in-view is enabled by default. Therefore, database queries may be performed during view rendering. Explicitly configure spring.jpa.open-in-view to disable this warning
2024-02-25T22:45:44.693+03:00  INFO 13464 --- [           main] o.s.s.web.DefaultSecurityFilterChain     : Will secure any request with [org.springframework.security.web.session.DisableEncodeUrlFilter@44ef04ac, org.springframework.security.web.context.request.async.WebAsyncManagerIntegrationFilter@5e71e8d4, org.springframework.security.web.context.SecurityContextHolderFilter@73131043, org.springframework.security.web.header.HeaderWriterFilter@37a26221, org.springframework.web.filter.CorsFilter@50f77992, org.springframework.security.web.authentication.logout.LogoutFilter@44ee4110, com.firstproject.FirstProject.Config.JwtAuthenticationFilter@42ca6733, org.springframework.security.web.savedrequest.RequestCacheAwareFilter@43f13160, org.springframework.security.web.servletapi.SecurityContextHolderAwareRequestFilter@5018b648, org.springframework.security.web.authentication.AnonymousAuthenticationFilter@2f533bd1, org.springframework.security.web.session.SessionManagementFilter@47362f88, org.springframework.security.web.access.ExceptionTranslationFilter@71ebb8e1, org.springframework.security.web.access.intercept.FilterSecurityInterceptor@59053522]
2024-02-25T22:45:45.107+03:00  INFO 13464 --- [           main] c.f.F.FirstProjectApplicationTests       : Started FirstProjectApplicationTests in 10.064 seconds (process running for 11.012)
]]></system-out>
    <system-err><![CDATA[WARNING: A Java agent has been loaded dynamically (C:\Users\Umut\.m2\repository\net\bytebuddy\byte-buddy-agent\1.14.11\byte-buddy-agent-1.14.11.jar)
WARNING: If a serviceability tool is in use, please run with -XX:+EnableDynamicAgentLoading to hide this warning
WARNING: If a serviceability tool is not in use, please run with -Djdk.instrument.traceUsage for more information
WARNING: Dynamic loading of agents will be disallowed by default in a future release
]]></system-err>
  </testcase>
</testsuite>